[2026-04-28 23:28:12] [System] [SERVER ONLINE]
[2026-04-28 23:28:42] [System] [User 'zaki' connected]
[2026-04-28 23:29:34] [System] [User 'zakar' connected]
[2026-04-28 23:30:14] [User] [[zaki]: hello zakar]
[2026-04-28 23:30:20] [User] [[zaki]: hello zak]
[2026-04-28 23:30:45] [User] [[zakar]: haii]
[2026-04-28 23:31:54] [System] [User 'juki' connected]
[2026-04-28 23:31:57] [User] [[juki]: haii]
[2026-04-28 23:32:01] [User] [[juki]: haii]
[2026-04-28 23:32:06] [User] [[zakar]: oh hai]
[2026-04-28 23:33:10] [System] [User '' connected]
[2026-04-28 23:33:10] [System] [User '' disconnected]
[2026-04-28 23:33:35] [System] [User '' connected]
[2026-04-28 23:33:35] [System] [User '' disconnected]
[2026-04-28 23:33:51] [System] [User '' connected]
[2026-04-28 23:33:51] [System] [User '' disconnected]
[2026-04-28 23:34:04] [System] [User 'The Knights' connected]
[2026-04-28 23:34:31] [Admin] [RPC_GET_USERS]
[2026-04-28 23:35:39] [Admin] [RPC_GET_UPTIME]
[2026-04-28 23:35:44] [Admin] [RPC_GET_UPTIME]
[2026-04-28 23:38:14] [System] [User 'zakar' disconnected]
[2026-04-28 23:38:25] [Admin] [RPC_SHUTDOWN]
[2026-04-28 23:38:25] [System] [EMERGENCY SHUTDOWN INITIATED]
[2026-04-29 09:13:11] [System] [SERVER ONLINE]
[2026-04-29 09:13:18] [System] [User 'zaki' connected]
[2026-04-29 09:13:28] [System] [User 'jekjek' connected]
[2026-04-29 09:13:47] [System] [User 'zakarawr' connected]
[2026-04-29 09:15:26] [User] [[zaki]: hai zaki]
[2026-04-29 09:16:03] [User] [[jekjek]: oh hai]
[2026-04-29 09:16:08] [User] [[zakarawr]: iyayayayayyaa]
[2026-04-29 09:16:47] [System] [User 'The Knights' connected]
[2026-04-29 09:16:47] [System] [User 'The Knights' disconnected]
[2026-04-29 09:17:02] [System] [User '' connected]
[2026-04-29 09:17:02] [System] [User '' disconnected]
[2026-04-29 09:17:47] [System] [User 'The Knights' connected]
[2026-04-29 09:17:59] [Admin] [RPC_GET_USERS]
[2026-04-29 09:18:14] [Admin] [RPC_GET_UPTIME]
[2026-04-29 09:18:21] [System] [User 'The Knights' disconnected]
[2026-04-29 09:18:29] [System] [User 'zaki' disconnected]
[2026-04-29 09:18:47] [System] [User 'The Knights' connected]
[2026-04-29 09:18:50] [Admin] [RPC_SHUTDOWN]
[2026-04-29 09:18:50] [System] [EMERGENCY SHUTDOWN INITIATED]
